Started GET "/" for ::1 at 2020-10-08 16:36:51 -0700
DEPRECATION WARNING: ActiveRecord::Base.raise_in_transactional_callbacks= is deprecated, has no effect and will be removed without replacement. (called from block (3 levels) in <class:Railtie> at /Users/carlosgarciajr/.rbenv/versions/2.5.1/lib/ruby/gems/2.5.0/gems/activerecord-5.0.7.2/lib/active_record/railtie.rb:113)
Processing by StaticPagesController#index as HTML
  Rendering static_pages/index.html.erb within layouts/application
  Rendered shared/_main_nav.html.erb (0.3ms)
  Rendered shared/_masthead.html.erb (0.2ms)
  Rendered shared/_sections_nav.html.erb (0.2ms)
  Rendered shared/_search_modal.html.erb (0.2ms)
  Rendered shared/_main_content.html.erb (0.2ms)
  Rendered static_pages/index.html.erb within layouts/application (15.2ms)
Completed 200 OK in 362ms (Views: 358.9ms | ActiveRecord: 0.0ms)


Started GET "/assets/application.self-5e5b219656abf8c4e83f7dfd5e5f4f415d8fe2348d16620303a4ed96d1b5a144.css?body=1" for ::1 at 2020-10-08 16:36:52 -0700
Started GET "/" for ::1 at 2020-10-08 16:36:53 -0700
Processing by StaticPagesController#index as HTML
  Rendering static_pages/index.html.erb within layouts/application
  Rendered shared/_main_nav.html.erb (0.2ms)
  Rendered shared/_masthead.html.erb (0.2ms)
  Rendered shared/_sections_nav.html.erb (0.2ms)
  Rendered shared/_search_modal.html.erb (0.2ms)
  Rendered shared/_main_content.html.erb (0.1ms)
  Rendered static_pages/index.html.erb within layouts/application (13.2ms)
Completed 200 OK in 29ms (Views: 26.9ms | ActiveRecord: 0.0ms)


Started GET "/" for ::1 at 2020-10-08 16:37:17 -0700
Processing by StaticPagesController#index as HTML
  Rendering static_pages/index.html.erb within layouts/application
  Rendered shared/_main_nav.html.erb (0.2ms)
  Rendered shared/_masthead.html.erb (0.2ms)
  Rendered shared/_sections_nav.html.erb (0.2ms)
  Rendered shared/_search_modal.html.erb (0.2ms)
  Rendered shared/_main_content.html.erb (0.2ms)
  Rendered static_pages/index.html.erb within layouts/application (14.6ms)
Completed 200 OK in 35ms (Views: 31.8ms | ActiveRecord: 0.0ms)


Started GET "/" for ::1 at 2020-10-08 16:37:20 -0700
Processing by StaticPagesController#index as HTML
  Rendering static_pages/index.html.erb within layouts/application
  Rendered shared/_main_nav.html.erb (0.2ms)
  Rendered shared/_masthead.html.erb (0.2ms)
  Rendered shared/_sections_nav.html.erb (0.2ms)
  Rendered shared/_search_modal.html.erb (0.2ms)
  Rendered shared/_main_content.html.erb (0.2ms)
  Rendered static_pages/index.html.erb within layouts/application (12.8ms)
Completed 200 OK in 30ms (Views: 27.7ms | ActiveRecord: 0.0ms)


Started GET "/" for ::1 at 2020-10-09 09:59:50 -0700
DEPRECATION WARNING: ActiveRecord::Base.raise_in_transactional_callbacks= is deprecated, has no effect and will be removed without replacement. (called from block (3 levels) in <class:Railtie> at /Users/carlosgarciajr/.rbenv/versions/2.5.1/lib/ruby/gems/2.5.0/gems/activerecord-5.0.7.2/lib/active_record/railtie.rb:113)
Processing by StaticPagesController#index as HTML
  Rendering static_pages/index.html.erb within layouts/application
  Rendered shared/_main_nav.html.erb (0.3ms)
  Rendered shared/_masthead.html.erb (0.2ms)
  Rendered shared/_sections_nav.html.erb (0.2ms)
  Rendered shared/_search_modal.html.erb (0.2ms)
  Rendered shared/_main_content.html.erb (0.2ms)
  Rendered static_pages/index.html.erb within layouts/application (15.4ms)
Completed 200 OK in 353ms (Views: 350.1ms | ActiveRecord: 0.0ms)


Started GET "/assets/application.self-7aae4f884d21c0f895d0e25909b4a3857ca3f7bdd4412baf28bf32a8b1f558b1.css?body=1" for ::1 at 2020-10-09 09:59:51 -0700
Started GET "/" for ::1 at 2020-10-09 10:00:16 -0700
Processing by StaticPagesController#index as HTML
  Rendering static_pages/index.html.erb within layouts/application
  Rendered shared/_main_nav.html.erb (0.2ms)
  Rendered shared/_masthead.html.erb (0.2ms)
  Rendered shared/_sections_nav.html.erb (0.1ms)
  Rendered shared/_search_modal.html.erb (0.2ms)
  Rendered shared/_main_content.html.erb (0.4ms)
  Rendered static_pages/index.html.erb within layouts/application (12.9ms)
Completed 200 OK in 34ms (Views: 30.5ms | ActiveRecord: 0.0ms)


Started GET "/assets/new_office.jpg" for ::1 at 2020-10-09 10:00:16 -0700
Started GET "/" for ::1 at 2020-10-09 10:03:51 -0700
Processing by StaticPagesController#index as HTML
  Rendering static_pages/index.html.erb within layouts/application
  Rendered shared/_main_nav.html.erb (0.2ms)
  Rendered shared/_masthead.html.erb (0.2ms)
  Rendered shared/_sections_nav.html.erb (0.3ms)
  Rendered shared/_search_modal.html.erb (0.2ms)
  Rendered shared/_main_content.html.erb (0.3ms)
  Rendered static_pages/index.html.erb within layouts/application (13.1ms)
Completed 200 OK in 109ms (Views: 104.9ms | ActiveRecord: 0.0ms)


Started GET "/assets/application.self-e229079662ba64eec2df88cc9898f07a6b5005419aa37c928d3d684a6d58d3e4.css?body=1" for ::1 at 2020-10-09 10:03:51 -0700
Started GET "/assets/new_office.jpg" for ::1 at 2020-10-09 10:03:51 -0700
Started GET "/" for ::1 at 2020-10-12 13:48:14 -0700
DEPRECATION WARNING: ActiveRecord::Base.raise_in_transactional_callbacks= is deprecated, has no effect and will be removed without replacement. (called from block (3 levels) in <class:Railtie> at /Users/carlosgarciajr/.rbenv/versions/2.5.1/lib/ruby/gems/2.5.0/gems/activerecord-5.0.7.2/lib/active_record/railtie.rb:113)
Processing by StaticPagesController#index as HTML
  Rendering static_pages/index.html.erb within layouts/application
  Rendered shared/_main_nav.html.erb (0.2ms)
  Rendered shared/_masthead.html.erb (0.1ms)
  Rendered shared/_sections_nav.html.erb (0.1ms)
  Rendered shared/_search_modal.html.erb (0.2ms)
  Rendered shared/_main_content.html.erb (0.3ms)
  Rendered static_pages/index.html.erb within layouts/application (14.5ms)
Completed 500 Internal Server Error in 194ms (ActiveRecord: 0.0ms)



Sass::SyntaxError - File to import not found or unreadable: base/grid.scss.
Load paths:
  /Users/carlosgarciajr/Documents/programming/app_academy_work/curriculum/html-css/projects/aa_times/skeleton/app/assets/images
  /Users/carlosgarciajr/Documents/programming/app_academy_work/curriculum/html-css/projects/aa_times/skeleton/app/assets/javascripts
  /Users/carlosgarciajr/Documents/programming/app_academy_work/curriculum/html-css/projects/aa_times/skeleton/app/assets/stylesheets
  /Users/carlosgarciajr/Documents/programming/app_academy_work/curriculum/html-css/projects/aa_times/skeleton/vendor/assets/javascripts
  /Users/carlosgarciajr/Documents/programming/app_academy_work/curriculum/html-css/projects/aa_times/skeleton/vendor/assets/stylesheets
  /Users/carlosgarciajr/.rbenv/versions/2.5.1/lib/ruby/gems/2.5.0/gems/jquery-rails-4.4.0/vendor/assets/javascripts
  /Users/carlosgarciajr/.rbenv/versions/2.5.1/lib/ruby/gems/2.5.0/gems/coffee-rails-4.2.2/lib/assets/javascripts
  /Users/carlosgarciajr/.rbenv/versions/2.5.1/lib/ruby/gems/2.5.0/gems/actioncable-5.0.7.2/lib/assets/compiled:
  app/views/layouts/application.html.erb:7:in `_app_views_layouts_application_html_erb___270333905406359367_70279989431840'

Started POST "/__better_errors/927a171e4587d656/variables" for ::1 at 2020-10-12 13:48:14 -0700
Started GET "/" for ::1 at 2020-10-12 13:48:41 -0700
Processing by StaticPagesController#index as HTML
  Rendering static_pages/index.html.erb within layouts/application
  Rendered shared/_main_nav.html.erb (0.2ms)
  Rendered shared/_masthead.html.erb (0.1ms)
  Rendered shared/_sections_nav.html.erb (0.3ms)
  Rendered shared/_search_modal.html.erb (0.3ms)
  Rendered shared/_main_content.html.erb (0.2ms)
  Rendered static_pages/index.html.erb within layouts/application (12.8ms)
Completed 200 OK in 110ms (Views: 107.4ms | ActiveRecord: 0.0ms)


Started GET "/assets/application.self-1237ad35a9ee79bd64030d4638d1fd80f6734c490eb538e0dd01d7af3c16bf40.css?body=1" for ::1 at 2020-10-12 13:48:41 -0700
Started GET "/" for ::1 at 2020-10-12 13:48:43 -0700
Processing by StaticPagesController#index as HTML
  Rendering static_pages/index.html.erb within layouts/application
  Rendered shared/_main_nav.html.erb (0.2ms)
  Rendered shared/_masthead.html.erb (0.2ms)
  Rendered shared/_sections_nav.html.erb (0.2ms)
  Rendered shared/_search_modal.html.erb (0.2ms)
  Rendered shared/_main_content.html.erb (0.2ms)
  Rendered static_pages/index.html.erb within layouts/application (13.1ms)
Completed 200 OK in 33ms (Views: 29.9ms | ActiveRecord: 0.0ms)


Started GET "/" for ::1 at 2020-10-12 13:55:52 -0700
DEPRECATION WARNING: ActiveRecord::Base.raise_in_transactional_callbacks= is deprecated, has no effect and will be removed without replacement. (called from block (3 levels) in <class:Railtie> at /Users/carlosgarciajr/.rbenv/versions/2.5.1/lib/ruby/gems/2.5.0/gems/activerecord-5.0.7.2/lib/active_record/railtie.rb:113)
Processing by StaticPagesController#index as HTML
  Rendering static_pages/index.html.erb within layouts/application
  Rendered shared/_main_nav.html.erb (0.2ms)
  Rendered shared/_masthead.html.erb (0.1ms)
  Rendered shared/_sections_nav.html.erb (0.3ms)
  Rendered shared/_search_modal.html.erb (0.2ms)
  Rendered shared/_main_content.html.erb (0.3ms)
  Rendered static_pages/index.html.erb within layouts/application (14.6ms)
Completed 200 OK in 257ms (Views: 254.8ms | ActiveRecord: 0.0ms)


Started GET "/assets/application.self-758afe40c177e32f890a8b8e23f11571b5d1785af915c0789bd6a19191afc6ab.css?body=1" for ::1 at 2020-10-12 13:55:52 -0700
Started GET "/assets/new_office.jpg" for ::1 at 2020-10-12 13:55:52 -0700
Started GET "/" for ::1 at 2020-10-12 13:56:32 -0700
Processing by StaticPagesController#index as HTML
  Rendering static_pages/index.html.erb within layouts/application
  Rendered shared/_main_nav.html.erb (0.1ms)
  Rendered shared/_masthead.html.erb (0.2ms)
  Rendered shared/_sections_nav.html.erb (0.1ms)
  Rendered shared/_search_modal.html.erb (0.3ms)
  Rendered shared/_main_content.html.erb (0.3ms)
  Rendered static_pages/index.html.erb within layouts/application (12.3ms)
Completed 200 OK in 75ms (Views: 72.8ms | ActiveRecord: 0.0ms)


Started GET "/assets/application.self-e229079662ba64eec2df88cc9898f07a6b5005419aa37c928d3d684a6d58d3e4.css?body=1" for ::1 at 2020-10-12 13:56:32 -0700
Started GET "/assets/new_office.jpg" for ::1 at 2020-10-12 13:56:32 -0700
Started GET "/" for ::1 at 2020-10-12 13:56:33 -0700
Processing by StaticPagesController#index as HTML
  Rendering static_pages/index.html.erb within layouts/application
  Rendered shared/_main_nav.html.erb (0.2ms)
  Rendered shared/_masthead.html.erb (0.2ms)
  Rendered shared/_sections_nav.html.erb (0.2ms)
  Rendered shared/_search_modal.html.erb (0.2ms)
  Rendered shared/_main_content.html.erb (0.2ms)
  Rendered static_pages/index.html.erb within layouts/application (12.9ms)
Completed 200 OK in 34ms (Views: 31.3ms | ActiveRecord: 0.0ms)


Started GET "/assets/new_office.jpg" for ::1 at 2020-10-12 13:56:33 -0700
Started GET "/" for ::1 at 2020-10-12 13:57:15 -0700
Processing by StaticPagesController#index as HTML
  Rendering static_pages/index.html.erb within layouts/application
  Rendered shared/_main_nav.html.erb (0.2ms)
  Rendered shared/_masthead.html.erb (0.2ms)
  Rendered shared/_sections_nav.html.erb (0.2ms)
  Rendered shared/_search_modal.html.erb (0.2ms)
  Rendered shared/_main_content.html.erb (0.3ms)
  Rendered static_pages/index.html.erb within layouts/application (12.6ms)
Completed 200 OK in 92ms (Views: 88.2ms | ActiveRecord: 0.0ms)


Started GET "/assets/application.self-7aae4f884d21c0f895d0e25909b4a3857ca3f7bdd4412baf28bf32a8b1f558b1.css?body=1" for ::1 at 2020-10-12 13:57:15 -0700
Started GET "/assets/new_office.jpg" for ::1 at 2020-10-12 13:57:15 -0700
Started GET "/" for ::1 at 2021-01-07 12:15:54 -0600
DEPRECATION WARNING: ActiveRecord::Base.raise_in_transactional_callbacks= is deprecated, has no effect and will be removed without replacement. (called from block (3 levels) in <class:Railtie> at /Users/brynnjohnson/.rbenv/versions/2.5.1/lib/ruby/gems/2.5.0/gems/activerecord-5.0.7.2/lib/active_record/railtie.rb:113)
Processing by StaticPagesController#index as HTML
  Rendering static_pages/index.html.erb within layouts/application
  Rendered shared/_main_nav.html.erb (3.1ms)
  Rendered shared/_masthead.html.erb (3.0ms)
  Rendered shared/_sections_nav.html.erb (0.9ms)
  Rendered shared/_search_modal.html.erb (1.3ms)
  Rendered shared/_main_content.html.erb (3.9ms)
  Rendered static_pages/index.html.erb within layouts/application (300.2ms)
Completed 200 OK in 1898ms (Views: 1877.2ms | ActiveRecord: 0.0ms)


Started GET "/assets/application.self-70111113f5c3f02757baa5ab1b251fa038b981593c5217f7e9703bdb06506036.css?body=1" for ::1 at 2021-01-07 12:15:57 -0600
Started GET "/assets/jquery.self-bd7ddd393353a8d2480a622e80342adf488fb6006d667e8b42e4c0073393abee.js?body=1" for ::1 at 2021-01-07 12:15:57 -0600
Started GET "/assets/components/sidebar.self-2a1277f850a6fa21e1a974ef5152f177ac05516477d5081d593bb137b3d6808b.js?body=1" for ::1 at 2021-01-07 12:15:57 -0600
Started GET "/assets/components/modal.self-52188644dbb47def5ee35ae02e69eb567ca9b664472357a8a5789dd39032a265.js?body=1" for ::1 at 2021-01-07 12:15:57 -0600
Started GET "/assets/jquery_ujs.self-784a997f6726036b1993eb2217c9cb558e1cbb801c6da88105588c56f13b466a.js?body=1" for ::1 at 2021-01-07 12:15:57 -0600
Started GET "/assets/application.self-f571b9db02bf4ed04c38a6a29072ac382f7d4f47db1fab9817aeadb0d8665235.js?body=1" for ::1 at 2021-01-07 12:15:57 -0600
Started GET "/assets/application.self-70111113f5c3f02757baa5ab1b251fa038b981593c5217f7e9703bdb06506036.css?body=1&livereload=1610043981560" for ::1 at 2021-01-07 12:26:21 -0600
Started GET "/assets/application.self-70111113f5c3f02757baa5ab1b251fa038b981593c5217f7e9703bdb06506036.css?body=1&livereload=1610043981564" for ::1 at 2021-01-07 12:26:21 -0600
Started GET "/assets/application.self-70111113f5c3f02757baa5ab1b251fa038b981593c5217f7e9703bdb06506036.css?body=1&livereload=1610043987499" for ::1 at 2021-01-07 12:26:27 -0600
Started GET "/assets/application.self-70111113f5c3f02757baa5ab1b251fa038b981593c5217f7e9703bdb06506036.css?body=1&livereload=1610043987507" for ::1 at 2021-01-07 12:26:27 -0600
Started GET "/assets/application.self-70111113f5c3f02757baa5ab1b251fa038b981593c5217f7e9703bdb06506036.css?body=1&livereload=1610043993674" for ::1 at 2021-01-07 12:26:33 -0600
Started GET "/assets/application.self-70111113f5c3f02757baa5ab1b251fa038b981593c5217f7e9703bdb06506036.css?body=1&livereload=1610043993669" for ::1 at 2021-01-07 12:26:33 -0600
Started GET "/assets/application.self-70111113f5c3f02757baa5ab1b251fa038b981593c5217f7e9703bdb06506036.css?body=1&livereload=1610043997503" for ::1 at 2021-01-07 12:26:37 -0600
Started GET "/assets/application.self-70111113f5c3f02757baa5ab1b251fa038b981593c5217f7e9703bdb06506036.css?body=1&livereload=1610043997505" for ::1 at 2021-01-07 12:26:37 -0600
Started GET "/assets/application.self-70111113f5c3f02757baa5ab1b251fa038b981593c5217f7e9703bdb06506036.css?body=1&livereload=1610043998663" for ::1 at 2021-01-07 12:26:38 -0600
Started GET "/assets/application.self-70111113f5c3f02757baa5ab1b251fa038b981593c5217f7e9703bdb06506036.css?body=1&livereload=1610043998666" for ::1 at 2021-01-07 12:26:38 -0600
Started GET "/assets/application.self-70111113f5c3f02757baa5ab1b251fa038b981593c5217f7e9703bdb06506036.css?body=1&livereload=1610044001490" for ::1 at 2021-01-07 12:26:41 -0600
Started GET "/assets/application.self-70111113f5c3f02757baa5ab1b251fa038b981593c5217f7e9703bdb06506036.css?body=1&livereload=1610044001493" for ::1 at 2021-01-07 12:26:41 -0600
Started GET "/assets/application.self-70111113f5c3f02757baa5ab1b251fa038b981593c5217f7e9703bdb06506036.css?body=1&livereload=1610044004105" for ::1 at 2021-01-07 12:26:44 -0600
Started GET "/assets/application.self-70111113f5c3f02757baa5ab1b251fa038b981593c5217f7e9703bdb06506036.css?body=1&livereload=1610044004108" for ::1 at 2021-01-07 12:26:44 -0600
Started GET "/assets/application.self-70111113f5c3f02757baa5ab1b251fa038b981593c5217f7e9703bdb06506036.css?body=1&livereload=1610044005443" for ::1 at 2021-01-07 12:26:45 -0600
Started GET "/assets/application.self-70111113f5c3f02757baa5ab1b251fa038b981593c5217f7e9703bdb06506036.css?body=1&livereload=1610044005440" for ::1 at 2021-01-07 12:26:45 -0600
Started GET "/assets/application.self-70111113f5c3f02757baa5ab1b251fa038b981593c5217f7e9703bdb06506036.css?body=1&livereload=1610044014057" for ::1 at 2021-01-07 12:26:54 -0600
Started GET "/assets/application.self-70111113f5c3f02757baa5ab1b251fa038b981593c5217f7e9703bdb06506036.css?body=1&livereload=1610044014060" for ::1 at 2021-01-07 12:26:54 -0600
Started GET "/assets/application.self-70111113f5c3f02757baa5ab1b251fa038b981593c5217f7e9703bdb06506036.css?body=1&livereload=1610044017536" for ::1 at 2021-01-07 12:26:57 -0600
Started GET "/assets/application.self-70111113f5c3f02757baa5ab1b251fa038b981593c5217f7e9703bdb06506036.css?body=1&livereload=1610044017538" for ::1 at 2021-01-07 12:26:57 -0600
Started GET "/assets/application.self-70111113f5c3f02757baa5ab1b251fa038b981593c5217f7e9703bdb06506036.css?body=1&livereload=1610044023559" for ::1 at 2021-01-07 12:27:03 -0600
Started GET "/assets/application.self-70111113f5c3f02757baa5ab1b251fa038b981593c5217f7e9703bdb06506036.css?body=1&livereload=1610044023561" for ::1 at 2021-01-07 12:27:03 -0600
Started GET "/assets/application.self-70111113f5c3f02757baa5ab1b251fa038b981593c5217f7e9703bdb06506036.css?body=1&livereload=1610044027414" for ::1 at 2021-01-07 12:27:07 -0600
Started GET "/assets/application.self-70111113f5c3f02757baa5ab1b251fa038b981593c5217f7e9703bdb06506036.css?body=1&livereload=1610044027416" for ::1 at 2021-01-07 12:27:07 -0600
Started GET "/assets/application.self-70111113f5c3f02757baa5ab1b251fa038b981593c5217f7e9703bdb06506036.css?body=1&livereload=1610044031050" for ::1 at 2021-01-07 12:27:11 -0600
Started GET "/assets/application.self-70111113f5c3f02757baa5ab1b251fa038b981593c5217f7e9703bdb06506036.css?body=1&livereload=1610044031051" for ::1 at 2021-01-07 12:27:11 -0600
Started GET "/assets/application.self-70111113f5c3f02757baa5ab1b251fa038b981593c5217f7e9703bdb06506036.css?body=1&livereload=1610044035055" for ::1 at 2021-01-07 12:27:15 -0600
Started GET "/assets/application.self-70111113f5c3f02757baa5ab1b251fa038b981593c5217f7e9703bdb06506036.css?body=1&livereload=1610044035058" for ::1 at 2021-01-07 12:27:15 -0600
Started GET "/assets/application.self-70111113f5c3f02757baa5ab1b251fa038b981593c5217f7e9703bdb06506036.css?body=1&livereload=1610044036658" for ::1 at 2021-01-07 12:27:16 -0600
Started GET "/assets/application.self-70111113f5c3f02757baa5ab1b251fa038b981593c5217f7e9703bdb06506036.css?body=1&livereload=1610044036661" for ::1 at 2021-01-07 12:27:16 -0600
Started GET "/assets/application.self-70111113f5c3f02757baa5ab1b251fa038b981593c5217f7e9703bdb06506036.css?body=1&livereload=1610044062232" for ::1 at 2021-01-07 12:27:42 -0600
Started GET "/assets/application.self-70111113f5c3f02757baa5ab1b251fa038b981593c5217f7e9703bdb06506036.css?body=1&livereload=1610044062231" for ::1 at 2021-01-07 12:27:42 -0600
Started GET "/assets/application.self-70111113f5c3f02757baa5ab1b251fa038b981593c5217f7e9703bdb06506036.css?body=1&livereload=1610044085182" for ::1 at 2021-01-07 12:28:05 -0600
Started GET "/assets/application.self-70111113f5c3f02757baa5ab1b251fa038b981593c5217f7e9703bdb06506036.css?body=1&livereload=1610044085180" for ::1 at 2021-01-07 12:28:05 -0600
Started GET "/assets/application.self-70111113f5c3f02757baa5ab1b251fa038b981593c5217f7e9703bdb06506036.css?body=1&livereload=1610044088063" for ::1 at 2021-01-07 12:28:08 -0600
Started GET "/assets/application.self-70111113f5c3f02757baa5ab1b251fa038b981593c5217f7e9703bdb06506036.css?body=1&livereload=1610044088066" for ::1 at 2021-01-07 12:28:08 -0600
Started GET "/assets/application.self-70111113f5c3f02757baa5ab1b251fa038b981593c5217f7e9703bdb06506036.css?body=1&livereload=1610044089302" for ::1 at 2021-01-07 12:28:09 -0600
Started GET "/assets/application.self-70111113f5c3f02757baa5ab1b251fa038b981593c5217f7e9703bdb06506036.css?body=1&livereload=1610044089303" for ::1 at 2021-01-07 12:28:09 -0600
Started GET "/assets/application.self-70111113f5c3f02757baa5ab1b251fa038b981593c5217f7e9703bdb06506036.css?body=1&livereload=1610044135633" for ::1 at 2021-01-07 12:28:55 -0600
Started GET "/assets/application.self-70111113f5c3f02757baa5ab1b251fa038b981593c5217f7e9703bdb06506036.css?body=1&livereload=1610044135634" for ::1 at 2021-01-07 12:28:55 -0600
Started GET "/assets/application.self-70111113f5c3f02757baa5ab1b251fa038b981593c5217f7e9703bdb06506036.css?body=1&livereload=1610044139178" for ::1 at 2021-01-07 12:28:59 -0600
Started GET "/assets/application.self-70111113f5c3f02757baa5ab1b251fa038b981593c5217f7e9703bdb06506036.css?body=1&livereload=1610044139179" for ::1 at 2021-01-07 12:28:59 -0600
Started GET "/assets/application.self-70111113f5c3f02757baa5ab1b251fa038b981593c5217f7e9703bdb06506036.css?body=1&livereload=1610044147157" for ::1 at 2021-01-07 12:29:07 -0600
Started GET "/assets/application.self-70111113f5c3f02757baa5ab1b251fa038b981593c5217f7e9703bdb06506036.css?body=1&livereload=1610044147154" for ::1 at 2021-01-07 12:29:07 -0600
Started GET "/assets/application.self-70111113f5c3f02757baa5ab1b251fa038b981593c5217f7e9703bdb06506036.css?body=1&livereload=1610044152833" for ::1 at 2021-01-07 12:29:12 -0600
Started GET "/assets/application.self-70111113f5c3f02757baa5ab1b251fa038b981593c5217f7e9703bdb06506036.css?body=1&livereload=1610044152834" for ::1 at 2021-01-07 12:29:12 -0600
Started GET "/assets/application.self-70111113f5c3f02757baa5ab1b251fa038b981593c5217f7e9703bdb06506036.css?body=1&livereload=1610044155923" for ::1 at 2021-01-07 12:29:15 -0600
Started GET "/assets/application.self-70111113f5c3f02757baa5ab1b251fa038b981593c5217f7e9703bdb06506036.css?body=1&livereload=1610044155925" for ::1 at 2021-01-07 12:29:15 -0600
Started GET "/assets/application.self-70111113f5c3f02757baa5ab1b251fa038b981593c5217f7e9703bdb06506036.css?body=1&livereload=1610044179698" for ::1 at 2021-01-07 12:29:39 -0600
Started GET "/assets/application.self-70111113f5c3f02757baa5ab1b251fa038b981593c5217f7e9703bdb06506036.css?body=1&livereload=1610044179697" for ::1 at 2021-01-07 12:29:39 -0600
Started GET "/assets/application.self-70111113f5c3f02757baa5ab1b251fa038b981593c5217f7e9703bdb06506036.css?body=1&livereload=1610044183814" for ::1 at 2021-01-07 12:29:43 -0600
Started GET "/assets/application.self-70111113f5c3f02757baa5ab1b251fa038b981593c5217f7e9703bdb06506036.css?body=1&livereload=1610044183816" for ::1 at 2021-01-07 12:29:43 -0600
Started GET "/" for ::1 at 2021-01-07 12:29:49 -0600
Processing by StaticPagesController#index as HTML
  Rendering static_pages/index.html.erb within layouts/application
  Rendered shared/_main_nav.html.erb (0.7ms)
  Rendered shared/_masthead.html.erb (0.5ms)
  Rendered shared/_sections_nav.html.erb (0.5ms)
  Rendered shared/_search_modal.html.erb (0.5ms)
  Rendered shared/_main_content.html.erb (0.5ms)
  Rendered static_pages/index.html.erb within layouts/application (71.1ms)
Completed 200 OK in 267ms (Views: 250.1ms | ActiveRecord: 0.0ms)


Started GET "/assets/application.self-7300d29ac2beb916ea2899dcf4cdd80059cbfc2da2850c12e8e9251ec5285f28.css?body=1" for ::1 at 2021-01-07 12:29:50 -0600
Started GET "/assets/application.self-7300d29ac2beb916ea2899dcf4cdd80059cbfc2da2850c12e8e9251ec5285f28.css?body=1&livereload=1610044212612" for ::1 at 2021-01-07 12:30:12 -0600
Started GET "/assets/application.self-7300d29ac2beb916ea2899dcf4cdd80059cbfc2da2850c12e8e9251ec5285f28.css?body=1&livereload=1610044212613" for ::1 at 2021-01-07 12:30:12 -0600
Started GET "/assets/application.self-7300d29ac2beb916ea2899dcf4cdd80059cbfc2da2850c12e8e9251ec5285f28.css?body=1&livereload=1610044216025" for ::1 at 2021-01-07 12:30:16 -0600
Started GET "/assets/application.self-7300d29ac2beb916ea2899dcf4cdd80059cbfc2da2850c12e8e9251ec5285f28.css?body=1&livereload=1610044216031" for ::1 at 2021-01-07 12:30:16 -0600
Started GET "/assets/application.self-7300d29ac2beb916ea2899dcf4cdd80059cbfc2da2850c12e8e9251ec5285f28.css?body=1&livereload=1610044312925" for ::1 at 2021-01-07 12:31:52 -0600
Started GET "/assets/application.self-7300d29ac2beb916ea2899dcf4cdd80059cbfc2da2850c12e8e9251ec5285f28.css?body=1&livereload=1610044312930" for ::1 at 2021-01-07 12:31:52 -0600
Started GET "/assets/application.self-7300d29ac2beb916ea2899dcf4cdd80059cbfc2da2850c12e8e9251ec5285f28.css?body=1&livereload=1610044324780" for ::1 at 2021-01-07 12:32:04 -0600
Started GET "/assets/application.self-7300d29ac2beb916ea2899dcf4cdd80059cbfc2da2850c12e8e9251ec5285f28.css?body=1&livereload=1610044324782" for ::1 at 2021-01-07 12:32:04 -0600
Started GET "/assets/application.self-7300d29ac2beb916ea2899dcf4cdd80059cbfc2da2850c12e8e9251ec5285f28.css?body=1&livereload=1610044366054" for ::1 at 2021-01-07 12:32:46 -0600
Started GET "/assets/application.self-7300d29ac2beb916ea2899dcf4cdd80059cbfc2da2850c12e8e9251ec5285f28.css?body=1&livereload=1610044366056" for ::1 at 2021-01-07 12:32:46 -0600
Started GET "/assets/application.self-7300d29ac2beb916ea2899dcf4cdd80059cbfc2da2850c12e8e9251ec5285f28.css?body=1&livereload=1610044372951" for ::1 at 2021-01-07 12:32:52 -0600
Started GET "/assets/application.self-7300d29ac2beb916ea2899dcf4cdd80059cbfc2da2850c12e8e9251ec5285f28.css?body=1&livereload=1610044372953" for ::1 at 2021-01-07 12:32:52 -0600
Started GET "/assets/application.self-7300d29ac2beb916ea2899dcf4cdd80059cbfc2da2850c12e8e9251ec5285f28.css?body=1&livereload=1610044377720" for ::1 at 2021-01-07 12:32:57 -0600
Started GET "/assets/application.self-7300d29ac2beb916ea2899dcf4cdd80059cbfc2da2850c12e8e9251ec5285f28.css?body=1&livereload=1610044377722" for ::1 at 2021-01-07 12:32:57 -0600
Started GET "/assets/application.self-7300d29ac2beb916ea2899dcf4cdd80059cbfc2da2850c12e8e9251ec5285f28.css?body=1&livereload=1610044380185" for ::1 at 2021-01-07 12:33:00 -0600
Started GET "/assets/application.self-7300d29ac2beb916ea2899dcf4cdd80059cbfc2da2850c12e8e9251ec5285f28.css?body=1&livereload=1610044380191" for ::1 at 2021-01-07 12:33:00 -0600
Started GET "/assets/application.self-7300d29ac2beb916ea2899dcf4cdd80059cbfc2da2850c12e8e9251ec5285f28.css?body=1&livereload=1610044389235" for ::1 at 2021-01-07 12:33:09 -0600
Started GET "/assets/application.self-7300d29ac2beb916ea2899dcf4cdd80059cbfc2da2850c12e8e9251ec5285f28.css?body=1&livereload=1610044389238" for ::1 at 2021-01-07 12:33:09 -0600
Started GET "/assets/application.self-7300d29ac2beb916ea2899dcf4cdd80059cbfc2da2850c12e8e9251ec5285f28.css?body=1&livereload=1610044392136" for ::1 at 2021-01-07 12:33:12 -0600
Started GET "/assets/application.self-7300d29ac2beb916ea2899dcf4cdd80059cbfc2da2850c12e8e9251ec5285f28.css?body=1&livereload=1610044392137" for ::1 at 2021-01-07 12:33:12 -0600
Started GET "/assets/application.self-7300d29ac2beb916ea2899dcf4cdd80059cbfc2da2850c12e8e9251ec5285f28.css?body=1&livereload=1610044394363" for ::1 at 2021-01-07 12:33:14 -0600
Started GET "/assets/application.self-7300d29ac2beb916ea2899dcf4cdd80059cbfc2da2850c12e8e9251ec5285f28.css?body=1&livereload=1610044394364" for ::1 at 2021-01-07 12:33:14 -0600
